{"total": {"lines":{"total":8875,"covered":5885,"skipped":0,"pct":66.3},"statements":{"total":8875,"covered":5885,"skipped":0,"pct":66.3},"functions":{"total":501,"covered":418,"skipped":0,"pct":83.43},"branches":{"total":2359,"covered":2131,"skipped":0,"pct":90.33},"branchesTrue":{"total":0,"covered":0,"skipped":0,"pct":100}}
,"/Users/lichongyang/Downloads/opencanvas/src/middleware.ts": {"lines":{"total":45,"covered":45,"skipped":0,"pct":100},"functions":{"total":4,"covered":4,"skipped":0,"pct":100},"statements":{"total":45,"covered":45,"skipped":0,"pct":100},"branches":{"total":21,"covered":21,"skipped":0,"pct":100}}
,"/Users/lichongyang/Downloads/opencanvas/src/lib/backup.ts": {"lines":{"total":174,"covered":165,"skipped":0,"pct":94.82},"functions":{"total":13,"covered":13,"skipped":0,"pct":100},"statements":{"total":174,"covered":165,"skipped":0,"pct":94.82},"branches":{"total":106,"covered":100,"skipped":0,"pct":94.33}}
,"/Users/lichongyang/Downloads/opencanvas/src/lib/case-share.ts": {"lines":{"total":28,"covered":28,"skipped":0,"pct":100},"functions":{"total":3,"covered":3,"skipped":0,"pct":100},"statements":{"total":28,"covered":28,"skipped":0,"pct":100},"branches":{"total":17,"covered":17,"skipped":0,"pct":100}}
,"/Users/lichongyang/Downloads/opencanvas/src/lib/disk-usage.ts": {"lines":{"total":63,"covered":51,"skipped":0,"pct":80.95},"functions":{"total":4,"covered":4,"skipped":0,"pct":100},"statements":{"total":63,"covered":51,"skipped":0,"pct":80.95},"branches":{"total":16,"covered":9,"skipped":0,"pct":56.25}}
,"/Users/lichongyang/Downloads/opencanvas/src/lib/documents.ts": {"lines":{"total":182,"covered":0,"skipped":0,"pct":0},"functions":{"total":1,"covered":0,"skipped":0,"pct":0},"statements":{"total":182,"covered":0,"skipped":0,"pct":0},"branches":{"total":1,"covered":0,"skipped":0,"pct":0}}
,"/Users/lichongyang/Downloads/opencanvas/src/lib/fetcher.ts": {"lines":{"total":129,"covered":129,"skipped":0,"pct":100},"functions":{"total":12,"covered":12,"skipped":0,"pct":100},"statements":{"total":129,"covered":129,"skipped":0,"pct":100},"branches":{"total":77,"covered":74,"skipped":0,"pct":96.1}}
,"/Users/lichongyang/Downloads/opencanvas/src/lib/format.ts": {"lines":{"total":64,"covered":64,"skipped":0,"pct":100},"functions":{"total":7,"covered":7,"skipped":0,"pct":100},"statements":{"total":64,"covered":64,"skipped":0,"pct":100},"branches":{"total":35,"covered":35,"skipped":0,"pct":100}}
,"/Users/lichongyang/Downloads/opencanvas/src/lib/http.ts": {"lines":{"total":12,"covered":12,"skipped":0,"pct":100},"functions":{"total":2,"covered":2,"skipped":0,"pct":100},"statements":{"total":12,"covered":12,"skipped":0,"pct":100},"branches":{"total":8,"covered":8,"skipped":0,"pct":100}}
,"/Users/lichongyang/Downloads/opencanvas/src/lib/json-loose.ts": {"lines":{"total":90,"covered":90,"skipped":0,"pct":100},"functions":{"total":5,"covered":5,"skipped":0,"pct":100},"statements":{"total":90,"covered":90,"skipped":0,"pct":100},"branches":{"total":55,"covered":55,"skipped":0,"pct":100}}
,"/Users/lichongyang/Downloads/opencanvas/src/lib/knowledge.ts": {"lines":{"total":327,"covered":0,"skipped":0,"pct":0},"functions":{"total":1,"covered":0,"skipped":0,"pct":0},"statements":{"total":327,"covered":0,"skipped":0,"pct":0},"branches":{"total":1,"covered":0,"skipped":0,"pct":0}}
,"/Users/lichongyang/Downloads/opencanvas/src/lib/logger.ts": {"lines":{"total":95,"covered":90,"skipped":0,"pct":94.73},"functions":{"total":9,"covered":9,"skipped":0,"pct":100},"statements":{"total":95,"covered":90,"skipped":0,"pct":94.73},"branches":{"total":57,"covered":50,"skipped":0,"pct":87.71}}
,"/Users/lichongyang/Downloads/opencanvas/src/lib/metrics.ts": {"lines":{"total":43,"covered":31,"skipped":0,"pct":72.09},"functions":{"total":6,"covered":4,"skipped":0,"pct":66.66},"statements":{"total":43,"covered":31,"skipped":0,"pct":72.09},"branches":{"total":10,"covered":7,"skipped":0,"pct":70}}
,"/Users/lichongyang/Downloads/opencanvas/src/lib/net-guard.ts": {"lines":{"total":123,"covered":117,"skipped":0,"pct":95.12},"functions":{"total":8,"covered":8,"skipped":0,"pct":100},"statements":{"total":123,"covered":117,"skipped":0,"pct":95.12},"branches":{"total":76,"covered":61,"skipped":0,"pct":80.26}}
,"/Users/lichongyang/Downloads/opencanvas/src/lib/process-guard.ts": {"lines":{"total":22,"covered":18,"skipped":0,"pct":81.81},"functions":{"total":2,"covered":2,"skipped":0,"pct":100},"statements":{"total":22,"covered":18,"skipped":0,"pct":81.81},"branches":{"total":5,"covered":5,"skipped":0,"pct":100}}
,"/Users/lichongyang/Downloads/opencanvas/src/lib/prompt-store.ts": {"lines":{"total":68,"covered":0,"skipped":0,"pct":0},"functions":{"total":1,"covered":0,"skipped":0,"pct":0},"statements":{"total":68,"covered":0,"skipped":0,"pct":0},"branches":{"total":1,"covered":0,"skipped":0,"pct":0}}
,"/Users/lichongyang/Downloads/opencanvas/src/lib/rate-limit.ts": {"lines":{"total":88,"covered":65,"skipped":0,"pct":73.86},"functions":{"total":10,"covered":8,"skipped":0,"pct":80},"statements":{"total":88,"covered":65,"skipped":0,"pct":73.86},"branches":{"total":21,"covered":18,"skipped":0,"pct":85.71}}
,"/Users/lichongyang/Downloads/opencanvas/src/lib/request-context.ts": {"lines":{"total":11,"covered":11,"skipped":0,"pct":100},"functions":{"total":3,"covered":3,"skipped":0,"pct":100},"statements":{"total":11,"covered":11,"skipped":0,"pct":100},"branches":{"total":5,"covered":5,"skipped":0,"pct":100}}
,"/Users/lichongyang/Downloads/opencanvas/src/lib/route-handler.ts": {"lines":{"total":70,"covered":59,"skipped":0,"pct":84.28},"functions":{"total":5,"covered":5,"skipped":0,"pct":100},"statements":{"total":70,"covered":59,"skipped":0,"pct":84.28},"branches":{"total":21,"covered":17,"skipped":0,"pct":80.95}}
,"/Users/lichongyang/Downloads/opencanvas/src/lib/safe-storage.ts": {"lines":{"total":142,"covered":139,"skipped":0,"pct":97.88},"functions":{"total":14,"covered":14,"skipped":0,"pct":100},"statements":{"total":142,"covered":139,"skipped":0,"pct":97.88},"branches":{"total":69,"covered":65,"skipped":0,"pct":94.2}}
,"/Users/lichongyang/Downloads/opencanvas/src/lib/settings.ts": {"lines":{"total":127,"covered":109,"skipped":0,"pct":85.82},"functions":{"total":16,"covered":10,"skipped":0,"pct":62.5},"statements":{"total":127,"covered":109,"skipped":0,"pct":85.82},"branches":{"total":23,"covered":16,"skipped":0,"pct":69.56}}
,"/Users/lichongyang/Downloads/opencanvas/src/lib/slash.ts": {"lines":{"total":47,"covered":47,"skipped":0,"pct":100},"functions":{"total":1,"covered":1,"skipped":0,"pct":100},"statements":{"total":47,"covered":47,"skipped":0,"pct":100},"branches":{"total":7,"covered":7,"skipped":0,"pct":100}}
,"/Users/lichongyang/Downloads/opencanvas/src/lib/sse-events.ts": {"lines":{"total":51,"covered":51,"skipped":0,"pct":100},"functions":{"total":2,"covered":2,"skipped":0,"pct":100},"statements":{"total":51,"covered":51,"skipped":0,"pct":100},"branches":{"total":39,"covered":37,"skipped":0,"pct":94.87}}
,"/Users/lichongyang/Downloads/opencanvas/src/lib/sse-registry.ts": {"lines":{"total":37,"covered":35,"skipped":0,"pct":94.59},"functions":{"total":6,"covered":6,"skipped":0,"pct":100},"statements":{"total":37,"covered":35,"skipped":0,"pct":94.59},"branches":{"total":14,"covered":13,"skipped":0,"pct":92.85}}
,"/Users/lichongyang/Downloads/opencanvas/src/lib/sse.ts": {"lines":{"total":149,"covered":143,"skipped":0,"pct":95.97},"functions":{"total":9,"covered":9,"skipped":0,"pct":100},"statements":{"total":149,"covered":143,"skipped":0,"pct":95.97},"branches":{"total":80,"covered":72,"skipped":0,"pct":90}}
,"/Users/lichongyang/Downloads/opencanvas/src/lib/theme.ts": {"lines":{"total":43,"covered":41,"skipped":0,"pct":95.34},"functions":{"total":7,"covered":7,"skipped":0,"pct":100},"statements":{"total":43,"covered":41,"skipped":0,"pct":95.34},"branches":{"total":18,"covered":17,"skipped":0,"pct":94.44}}
,"/Users/lichongyang/Downloads/opencanvas/src/lib/tools.ts": {"lines":{"total":878,"covered":0,"skipped":0,"pct":0},"functions":{"total":1,"covered":0,"skipped":0,"pct":0},"statements":{"total":878,"covered":0,"skipped":0,"pct":0},"branches":{"total":1,"covered":0,"skipped":0,"pct":0}}
,"/Users/lichongyang/Downloads/opencanvas/src/lib/utils.ts": {"lines":{"total":4,"covered":4,"skipped":0,"pct":100},"functions":{"total":1,"covered":1,"skipped":0,"pct":100},"statements":{"total":4,"covered":4,"skipped":0,"pct":100},"branches":{"total":1,"covered":1,"skipped":0,"pct":100}}
,"/Users/lichongyang/Downloads/opencanvas/src/lib/db/db-maintenance.ts": {"lines":{"total":24,"covered":24,"skipped":0,"pct":100},"functions":{"total":3,"covered":3,"skipped":0,"pct":100},"statements":{"total":24,"covered":24,"skipped":0,"pct":100},"branches":{"total":7,"covered":7,"skipped":0,"pct":100}}
,"/Users/lichongyang/Downloads/opencanvas/src/lib/db/image-store.ts": {"lines":{"total":126,"covered":126,"skipped":0,"pct":100},"functions":{"total":8,"covered":8,"skipped":0,"pct":100},"statements":{"total":126,"covered":126,"skipped":0,"pct":100},"branches":{"total":68,"covered":67,"skipped":0,"pct":98.52}}
,"/Users/lichongyang/Downloads/opencanvas/src/lib/db/migrations.ts": {"lines":{"total":146,"covered":138,"skipped":0,"pct":94.52},"functions":{"total":11,"covered":11,"skipped":0,"pct":100},"statements":{"total":146,"covered":138,"skipped":0,"pct":94.52},"branches":{"total":28,"covered":25,"skipped":0,"pct":89.28}}
,"/Users/lichongyang/Downloads/opencanvas/src/lib/db/repo.ts": {"lines":{"total":779,"covered":765,"skipped":0,"pct":98.2},"functions":{"total":66,"covered":66,"skipped":0,"pct":100},"statements":{"total":779,"covered":765,"skipped":0,"pct":98.2},"branches":{"total":240,"covered":191,"skipped":0,"pct":79.58}}
,"/Users/lichongyang/Downloads/opencanvas/src/lib/db/sqlite.ts": {"lines":{"total":83,"covered":82,"skipped":0,"pct":98.79},"functions":{"total":7,"covered":7,"skipped":0,"pct":100},"statements":{"total":83,"covered":82,"skipped":0,"pct":98.79},"branches":{"total":25,"covered":22,"skipped":0,"pct":88}}
,"/Users/lichongyang/Downloads/opencanvas/src/lib/docs/export.ts": {"lines":{"total":131,"covered":101,"skipped":0,"pct":77.09},"functions":{"total":13,"covered":8,"skipped":0,"pct":61.53},"statements":{"total":131,"covered":101,"skipped":0,"pct":77.09},"branches":{"total":35,"covered":30,"skipped":0,"pct":85.71}}
,"/Users/lichongyang/Downloads/opencanvas/src/lib/docs/outline.ts": {"lines":{"total":27,"covered":27,"skipped":0,"pct":100},"functions":{"total":3,"covered":3,"skipped":0,"pct":100},"statements":{"total":27,"covered":27,"skipped":0,"pct":100},"branches":{"total":14,"covered":13,"skipped":0,"pct":92.85}}
,"/Users/lichongyang/Downloads/opencanvas/src/lib/docs/stats.ts": {"lines":{"total":14,"covered":14,"skipped":0,"pct":100},"functions":{"total":3,"covered":3,"skipped":0,"pct":100},"statements":{"total":14,"covered":14,"skipped":0,"pct":100},"branches":{"total":8,"covered":8,"skipped":0,"pct":100}}
,"/Users/lichongyang/Downloads/opencanvas/src/lib/docs/templates.ts": {"lines":{"total":26,"covered":26,"skipped":0,"pct":100},"functions":{"total":0,"covered":0,"skipped":0,"pct":100},"statements":{"total":26,"covered":26,"skipped":0,"pct":100},"branches":{"total":0,"covered":0,"skipped":0,"pct":100}}
,"/Users/lichongyang/Downloads/opencanvas/src/lib/gateway/credits.ts": {"lines":{"total":29,"covered":29,"skipped":0,"pct":100},"functions":{"total":3,"covered":3,"skipped":0,"pct":100},"statements":{"total":29,"covered":29,"skipped":0,"pct":100},"branches":{"total":5,"covered":5,"skipped":0,"pct":100}}
,"/Users/lichongyang/Downloads/opencanvas/src/lib/gateway/index.ts": {"lines":{"total":187,"covered":183,"skipped":0,"pct":97.86},"functions":{"total":8,"covered":8,"skipped":0,"pct":100},"statements":{"total":187,"covered":183,"skipped":0,"pct":97.86},"branches":{"total":68,"covered":63,"skipped":0,"pct":92.64}}
,"/Users/lichongyang/Downloads/opencanvas/src/lib/gateway/models.ts": {"lines":{"total":108,"covered":108,"skipped":0,"pct":100},"functions":{"total":4,"covered":4,"skipped":0,"pct":100},"statements":{"total":108,"covered":108,"skipped":0,"pct":100},"branches":{"total":32,"covered":32,"skipped":0,"pct":100}}
,"/Users/lichongyang/Downloads/opencanvas/src/lib/gateway/retry.ts": {"lines":{"total":66,"covered":64,"skipped":0,"pct":96.96},"functions":{"total":5,"covered":5,"skipped":0,"pct":100},"statements":{"total":66,"covered":64,"skipped":0,"pct":96.96},"branches":{"total":48,"covered":46,"skipped":0,"pct":95.83}}
,"/Users/lichongyang/Downloads/opencanvas/src/lib/gateway/tts.ts": {"lines":{"total":66,"covered":11,"skipped":0,"pct":16.66},"functions":{"total":4,"covered":2,"skipped":0,"pct":50},"statements":{"total":66,"covered":11,"skipped":0,"pct":16.66},"branches":{"total":5,"covered":2,"skipped":0,"pct":40}}
,"/Users/lichongyang/Downloads/opencanvas/src/lib/gateway/types.ts": {"lines":{"total":3,"covered":3,"skipped":0,"pct":100},"functions":{"total":1,"covered":1,"skipped":0,"pct":100},"statements":{"total":3,"covered":3,"skipped":0,"pct":100},"branches":{"total":3,"covered":3,"skipped":0,"pct":100}}
,"/Users/lichongyang/Downloads/opencanvas/src/lib/gateway/image/dashscope-image.ts": {"lines":{"total":70,"covered":9,"skipped":0,"pct":12.85},"functions":{"total":4,"covered":1,"skipped":0,"pct":25},"statements":{"total":70,"covered":9,"skipped":0,"pct":12.85},"branches":{"total":2,"covered":1,"skipped":0,"pct":50}}
,"/Users/lichongyang/Downloads/opencanvas/src/lib/gateway/image/demo-image.ts": {"lines":{"total":38,"covered":34,"skipped":0,"pct":89.47},"functions":{"total":3,"covered":3,"skipped":0,"pct":100},"statements":{"total":38,"covered":34,"skipped":0,"pct":89.47},"branches":{"total":8,"covered":6,"skipped":0,"pct":75}}
,"/Users/lichongyang/Downloads/opencanvas/src/lib/gateway/image/index.ts": {"lines":{"total":58,"covered":44,"skipped":0,"pct":75.86},"functions":{"total":8,"covered":6,"skipped":0,"pct":75},"statements":{"total":58,"covered":44,"skipped":0,"pct":75.86},"branches":{"total":13,"covered":8,"skipped":0,"pct":61.53}}
,"/Users/lichongyang/Downloads/opencanvas/src/lib/gateway/image/models.ts": {"lines":{"total":32,"covered":32,"skipped":0,"pct":100},"functions":{"total":1,"covered":1,"skipped":0,"pct":100},"statements":{"total":32,"covered":32,"skipped":0,"pct":100},"branches":{"total":3,"covered":2,"skipped":0,"pct":66.66}}
,"/Users/lichongyang/Downloads/opencanvas/src/lib/gateway/image/openai-image.ts": {"lines":{"total":41,"covered":8,"skipped":0,"pct":19.51},"functions":{"total":3,"covered":1,"skipped":0,"pct":33.33},"statements":{"total":41,"covered":8,"skipped":0,"pct":19.51},"branches":{"total":2,"covered":1,"skipped":0,"pct":50}}
,"/Users/lichongyang/Downloads/opencanvas/src/lib/gateway/image/types.ts": {"lines":{"total":0,"covered":0,"skipped":0,"pct":0},"functions":{"total":1,"covered":1,"skipped":0,"pct":0},"statements":{"total":0,"covered":0,"skipped":0,"pct":0},"branches":{"total":1,"covered":1,"skipped":0,"pct":0}}
,"/Users/lichongyang/Downloads/opencanvas/src/lib/gateway/providers/anthropic.ts": {"lines":{"total":104,"covered":13,"skipped":0,"pct":12.5},"functions":{"total":3,"covered":1,"skipped":0,"pct":33.33},"statements":{"total":104,"covered":13,"skipped":0,"pct":12.5},"branches":{"total":2,"covered":1,"skipped":0,"pct":50}}
,"/Users/lichongyang/Downloads/opencanvas/src/lib/gateway/providers/demo.ts": {"lines":{"total":120,"covered":31,"skipped":0,"pct":25.83},"functions":{"total":2,"covered":2,"skipped":0,"pct":100},"statements":{"total":120,"covered":31,"skipped":0,"pct":25.83},"branches":{"total":11,"covered":5,"skipped":0,"pct":45.45}}
,"/Users/lichongyang/Downloads/opencanvas/src/lib/gateway/providers/index.ts": {"lines":{"total":50,"covered":43,"skipped":0,"pct":86},"functions":{"total":6,"covered":4,"skipped":0,"pct":66.66},"statements":{"total":50,"covered":43,"skipped":0,"pct":86},"branches":{"total":9,"covered":7,"skipped":0,"pct":77.77}}
,"/Users/lichongyang/Downloads/opencanvas/src/lib/gateway/providers/openai-compatible.ts": {"lines":{"total":92,"covered":10,"skipped":0,"pct":10.86},"functions":{"total":3,"covered":2,"skipped":0,"pct":66.66},"statements":{"total":92,"covered":10,"skipped":0,"pct":10.86},"branches":{"total":2,"covered":2,"skipped":0,"pct":100}}
,"/Users/lichongyang/Downloads/opencanvas/src/lib/image/history.ts": {"lines":{"total":33,"covered":33,"skipped":0,"pct":100},"functions":{"total":3,"covered":3,"skipped":0,"pct":100},"statements":{"total":33,"covered":33,"skipped":0,"pct":100},"branches":{"total":15,"covered":15,"skipped":0,"pct":100}}
,"/Users/lichongyang/Downloads/opencanvas/src/lib/image/mime.ts": {"lines":{"total":29,"covered":29,"skipped":0,"pct":100},"functions":{"total":4,"covered":4,"skipped":0,"pct":100},"statements":{"total":29,"covered":29,"skipped":0,"pct":100},"branches":{"total":14,"covered":13,"skipped":0,"pct":92.85}}
,"/Users/lichongyang/Downloads/opencanvas/src/lib/image/presets.ts": {"lines":{"total":23,"covered":23,"skipped":0,"pct":100},"functions":{"total":2,"covered":2,"skipped":0,"pct":100},"statements":{"total":23,"covered":23,"skipped":0,"pct":100},"branches":{"total":7,"covered":7,"skipped":0,"pct":100}}
,"/Users/lichongyang/Downloads/opencanvas/src/lib/internal/encoder.ts": {"lines":{"total":1,"covered":1,"skipped":0,"pct":100},"functions":{"total":0,"covered":0,"skipped":0,"pct":100},"statements":{"total":1,"covered":1,"skipped":0,"pct":100},"branches":{"total":0,"covered":0,"skipped":0,"pct":100}}
,"/Users/lichongyang/Downloads/opencanvas/src/lib/research/engine.ts": {"lines":{"total":222,"covered":217,"skipped":0,"pct":97.74},"functions":{"total":11,"covered":11,"skipped":0,"pct":100},"statements":{"total":222,"covered":217,"skipped":0,"pct":97.74},"branches":{"total":88,"covered":73,"skipped":0,"pct":82.95}}
,"/Users/lichongyang/Downloads/opencanvas/src/lib/research/sample-report.ts": {"lines":{"total":74,"covered":74,"skipped":0,"pct":100},"functions":{"total":1,"covered":1,"skipped":0,"pct":100},"statements":{"total":74,"covered":74,"skipped":0,"pct":100},"branches":{"total":2,"covered":1,"skipped":0,"pct":50}}
,"/Users/lichongyang/Downloads/opencanvas/src/lib/research/types.ts": {"lines":{"total":18,"covered":18,"skipped":0,"pct":100},"functions":{"total":0,"covered":0,"skipped":0,"pct":100},"statements":{"total":18,"covered":18,"skipped":0,"pct":100},"branches":{"total":0,"covered":0,"skipped":0,"pct":100}}
,"/Users/lichongyang/Downloads/opencanvas/src/lib/research/url.ts": {"lines":{"total":25,"covered":25,"skipped":0,"pct":100},"functions":{"total":3,"covered":3,"skipped":0,"pct":100},"statements":{"total":25,"covered":25,"skipped":0,"pct":100},"branches":{"total":9,"covered":9,"skipped":0,"pct":100}}
,"/Users/lichongyang/Downloads/opencanvas/src/lib/slides/outline.ts": {"lines":{"total":46,"covered":46,"skipped":0,"pct":100},"functions":{"total":3,"covered":3,"skipped":0,"pct":100},"statements":{"total":46,"covered":46,"skipped":0,"pct":100},"branches":{"total":31,"covered":29,"skipped":0,"pct":93.54}}
,"/Users/lichongyang/Downloads/opencanvas/src/lib/slides/overflow.ts": {"lines":{"total":66,"covered":57,"skipped":0,"pct":86.36},"functions":{"total":3,"covered":3,"skipped":0,"pct":100},"statements":{"total":66,"covered":57,"skipped":0,"pct":86.36},"branches":{"total":25,"covered":15,"skipped":0,"pct":60}}
,"/Users/lichongyang/Downloads/opencanvas/src/lib/slides/parse.ts": {"lines":{"total":104,"covered":104,"skipped":0,"pct":100},"functions":{"total":5,"covered":5,"skipped":0,"pct":100},"statements":{"total":104,"covered":104,"skipped":0,"pct":100},"branches":{"total":77,"covered":72,"skipped":0,"pct":93.5}}
,"/Users/lichongyang/Downloads/opencanvas/src/lib/slides/prompt.ts": {"lines":{"total":48,"covered":38,"skipped":0,"pct":79.16},"functions":{"total":3,"covered":2,"skipped":0,"pct":66.66},"statements":{"total":48,"covered":38,"skipped":0,"pct":79.16},"branches":{"total":6,"covered":5,"skipped":0,"pct":83.33}}
,"/Users/lichongyang/Downloads/opencanvas/src/lib/slides/sample.ts": {"lines":{"total":92,"covered":1,"skipped":0,"pct":1.08},"functions":{"total":1,"covered":0,"skipped":0,"pct":0},"statements":{"total":92,"covered":1,"skipped":0,"pct":1.08},"branches":{"total":0,"covered":0,"skipped":0,"pct":100}}
,"/Users/lichongyang/Downloads/opencanvas/src/lib/slides/themes.ts": {"lines":{"total":103,"covered":103,"skipped":0,"pct":100},"functions":{"total":0,"covered":0,"skipped":0,"pct":100},"statements":{"total":103,"covered":103,"skipped":0,"pct":100},"branches":{"total":0,"covered":0,"skipped":0,"pct":100}}
,"/Users/lichongyang/Downloads/opencanvas/src/lib/slides/types.ts": {"lines":{"total":0,"covered":0,"skipped":0,"pct":0},"functions":{"total":1,"covered":1,"skipped":0,"pct":0},"statements":{"total":0,"covered":0,"skipped":0,"pct":0},"branches":{"total":1,"covered":1,"skipped":0,"pct":0}}
,"/Users/lichongyang/Downloads/opencanvas/src/lib/store/chat.ts": {"lines":{"total":2163,"covered":1380,"skipped":0,"pct":63.8},"functions":{"total":114,"covered":71,"skipped":0,"pct":62.28},"statements":{"total":2163,"covered":1380,"skipped":0,"pct":63.8},"branches":{"total":544,"covered":534,"skipped":0,"pct":98.16}}
,"/Users/lichongyang/Downloads/opencanvas/src/lib/store/toast.ts": {"lines":{"total":15,"covered":14,"skipped":0,"pct":93.33},"functions":{"total":3,"covered":2,"skipped":0,"pct":66.66},"statements":{"total":15,"covered":14,"skipped":0,"pct":93.33},"branches":{"total":4,"covered":4,"skipped":0,"pct":100}}
,"/Users/lichongyang/Downloads/opencanvas/src/lib/video/download.ts": {"lines":{"total":16,"covered":3,"skipped":0,"pct":18.75},"functions":{"total":2,"covered":0,"skipped":0,"pct":0},"statements":{"total":16,"covered":3,"skipped":0,"pct":18.75},"branches":{"total":0,"covered":0,"skipped":0,"pct":100}}
,"/Users/lichongyang/Downloads/opencanvas/src/lib/video/export.ts": {"lines":{"total":46,"covered":42,"skipped":0,"pct":91.3},"functions":{"total":5,"covered":3,"skipped":0,"pct":60},"statements":{"total":46,"covered":42,"skipped":0,"pct":91.3},"branches":{"total":15,"covered":13,"skipped":0,"pct":86.66}}
,"/Users/lichongyang/Downloads/opencanvas/src/lib/video/parse.ts": {"lines":{"total":99,"covered":88,"skipped":0,"pct":88.88},"functions":{"total":4,"covered":4,"skipped":0,"pct":100},"statements":{"total":99,"covered":88,"skipped":0,"pct":88.88},"branches":{"total":68,"covered":54,"skipped":0,"pct":79.41}}
,"/Users/lichongyang/Downloads/opencanvas/src/lib/video/prompt.ts": {"lines":{"total":14,"covered":14,"skipped":0,"pct":100},"functions":{"total":2,"covered":2,"skipped":0,"pct":100},"statements":{"total":14,"covered":14,"skipped":0,"pct":100},"branches":{"total":4,"covered":4,"skipped":0,"pct":100}}
,"/Users/lichongyang/Downloads/opencanvas/src/lib/video/sample.ts": {"lines":{"total":60,"covered":60,"skipped":0,"pct":100},"functions":{"total":1,"covered":1,"skipped":0,"pct":100},"statements":{"total":60,"covered":60,"skipped":0,"pct":100},"branches":{"total":4,"covered":3,"skipped":0,"pct":75}}
,"/Users/lichongyang/Downloads/opencanvas/src/lib/video/to-deck.ts": {"lines":{"total":27,"covered":27,"skipped":0,"pct":100},"functions":{"total":1,"covered":1,"skipped":0,"pct":100},"statements":{"total":27,"covered":27,"skipped":0,"pct":100},"branches":{"total":8,"covered":8,"skipped":0,"pct":100}}
,"/Users/lichongyang/Downloads/opencanvas/src/lib/video/types.ts": {"lines":{"total":19,"covered":19,"skipped":0,"pct":100},"functions":{"total":3,"covered":3,"skipped":0,"pct":100},"statements":{"total":19,"covered":19,"skipped":0,"pct":100},"branches":{"total":13,"covered":13,"skipped":0,"pct":100}}
}
